This is pdfTeX, Version 3.14159265-2.6-1.40.21 (TeX Live 2020/MacPorts 2020.54632_1) (preloaded format=pdflatex 2020.7.23)  30 SEP 2020 13:36
entering extended mode
 restricted \write18 enabled.
 %&-line parsing enabled.
**ObjVisSAP.tex
(./ObjVisSAP.tex
LaTeX2e <2020-02-02> patch level 5
L3 programming layer <2020-03-06> (ivoatex/ivoa.cls
Document Class: ivoa 
(/opt/local/share/texmf-texlive/tex/latex/base/article.cls
Document Class: article 2019/12/20 v1.4l Standard LaTeX document class
(/opt/local/share/texmf-texlive/tex/latex/base/size11.clo
File: size11.clo 2019/12/20 v1.4l Standard LaTeX file (size option)
)
\c@part=\count167
\c@section=\count168
\c@subsection=\count169
\c@subsubsection=\count170
\c@paragraph=\count171
\c@subparagraph=\count172
\c@figure=\count173
\c@table=\count174
\abovecaptionskip=\skip47
\belowcaptionskip=\skip48
\bibindent=\dimen134
)
(/opt/local/share/texmf-texlive/tex/latex/tools/calc.sty
Package: calc 2017/05/25 v4.3 Infix arithmetic (KKT,FJ)
\calc@Acount=\count175
\calc@Bcount=\count176
\calc@Adimen=\dimen135
\calc@Bdimen=\dimen136
\calc@Askip=\skip49
\calc@Bskip=\skip50
LaTeX Info: Redefining \setlength on input line 80.
LaTeX Info: Redefining \addtolength on input line 81.
\calc@Ccount=\count177
\calc@Cskip=\skip51
)
(/opt/local/share/texmf-texlive/tex/latex/graphics/graphicx.sty
Package: graphicx 2019/11/30 v1.2a Enhanced LaTeX Graphics (DPC,SPQR)

(/opt/local/share/texmf-texlive/tex/latex/graphics/keyval.sty
Package: keyval 2014/10/28 v1.15 key=value parser (DPC)
\KV@toks@=\toks15
)
(/opt/local/share/texmf-texlive/tex/latex/graphics/graphics.sty
Package: graphics 2019/11/30 v1.4a Standard LaTeX Graphics (DPC,SPQR)

(/opt/local/share/texmf-texlive/tex/latex/graphics/trig.sty
Package: trig 2016/01/03 v1.10 sin cos tan (DPC)
)
(/opt/local/share/texmf-texlive/tex/latex/graphics-cfg/graphics.cfg
File: graphics.cfg 2016/06/04 v1.11 sample graphics configuration
)
Package graphics Info: Driver file: pdftex.def on input line 105.

(/opt/local/share/texmf-texlive/tex/latex/graphics-def/pdftex.def
File: pdftex.def 2018/01/08 v1.0l Graphics/color driver for pdftex
))
\Gin@req@height=\dimen137
\Gin@req@width=\dimen138
)
(/opt/local/share/texmf-texlive/tex/latex/xcolor/xcolor.sty
Package: xcolor 2016/05/11 v2.12 LaTeX color extensions (UK)

(/opt/local/share/texmf-texlive/tex/latex/graphics-cfg/color.cfg
File: color.cfg 2016/01/02 v1.6 sample color configuration
)
Package xcolor Info: Driver file: pdftex.def on input line 225.
Package xcolor Info: Model `cmy' substituted by `cmy0' on input line 1348.
Package xcolor Info: Model `hsb' substituted by `rgb' on input line 1352.
Package xcolor Info: Model `RGB' extended on input line 1364.
Package xcolor Info: Model `HTML' substituted by `rgb' on input line 1366.
Package xcolor Info: Model `Hsb' substituted by `hsb' on input line 1367.
Package xcolor Info: Model `tHsb' substituted by `hsb' on input line 1368.
Package xcolor Info: Model `HSB' substituted by `hsb' on input line 1369.
Package xcolor Info: Model `Gray' substituted by `gray' on input line 1370.
Package xcolor Info: Model `wave' substituted by `hsb' on input line 1371.
)
(/opt/local/share/texmf-texlive/tex/latex/base/ifthen.sty
Package: ifthen 2014/09/29 v1.1c Standard LaTeX ifthen package (DPC)
)
(/opt/local/share/texmf-texlive/tex/latex/base/doc.sty
Package: doc 2019/12/16 v2.1l Standard LaTeX documentation package (FMi)
\c@StandardModuleDepth=\count178
\guard@level=\count179
\MacrocodeTopsep=\skip52
\MacroIndent=\dimen139
\macro@cnt=\count180
\MacroTopsep=\skip53
\index@excludelist=\toks16

(/opt/local/share/texmf-texlive/tex/latex/tools/multicol.sty
Package: multicol 2019/12/09 v1.8y multicolumn formatting (FMi)
\c@tracingmulticols=\count181
\mult@box=\box45
\multicol@leftmargin=\dimen140
\c@unbalance=\count182
\c@collectmore=\count183
\doublecol@number=\count184
\multicoltolerance=\count185
\multicolpretolerance=\count186
\full@width=\dimen141
\page@free=\dimen142
\premulticols=\dimen143
\postmulticols=\dimen144
\multicolsep=\skip54
\multicolbaselineskip=\skip55
\partial@page=\box46
\last@line=\box47
\maxbalancingoverflow=\dimen145
\mult@rightbox=\box48
\mult@grightbox=\box49
\mult@gfirstbox=\box50
\mult@firstbox=\box51
\@tempa=\box52
\@tempa=\box53
\@tempa=\box54
\@tempa=\box55
\@tempa=\box56
\@tempa=\box57
\@tempa=\box58
\@tempa=\box59
\@tempa=\box60
\@tempa=\box61
\@tempa=\box62
\@tempa=\box63
\@tempa=\box64
\@tempa=\box65
\@tempa=\box66
\@tempa=\box67
\@tempa=\box68
\@tempa=\box69
\@tempa=\box70
\@tempa=\box71
\@tempa=\box72
\@tempa=\box73
\@tempa=\box74
\@tempa=\box75
\@tempa=\box76
\@tempa=\box77
\@tempa=\box78
\@tempa=\box79
\@tempa=\box80
\@tempa=\box81
\@tempa=\box82
\@tempa=\box83
\@tempa=\box84
\@tempa=\box85
\@tempa=\box86
\@tempa=\box87
\@tempa=\box88
\c@minrows=\count187
\c@columnbadness=\count188
\c@finalcolumnbadness=\count189
\last@try=\dimen146
\multicolovershoot=\dimen147
\multicolundershoot=\dimen148
\mult@nat@firstbox=\box89
\colbreak@box=\box90
\mc@col@check@num=\count190
)
\IndexMin=\dimen149
\c@IndexColumns=\count191
\GlossaryMin=\dimen150
\c@GlossaryColumns=\count192
\check@sum=\count193
\bslash@cnt=\count194
\wrong@table=\toks17
\c@CodelineNo=\count195
)
(/opt/local/share/texmf-texlive/tex/latex/listings/listings.sty
\lst@mode=\count196
\lst@gtempboxa=\box91
\lst@token=\toks18
\lst@length=\count197
\lst@currlwidth=\dimen151
\lst@column=\count198
\lst@pos=\count199
\lst@lostspace=\dimen152
\lst@width=\dimen153
\lst@newlines=\count266
\lst@lineno=\count267
\lst@maxwidth=\dimen154

(/opt/local/share/texmf-texlive/tex/latex/listings/lstmisc.sty
File: lstmisc.sty 2020/03/24 1.8d (Carsten Heinz)
\c@lstnumber=\count268
\lst@skipnumbers=\count269
\lst@framebox=\box92
)
(/opt/local/share/texmf-texlive/tex/latex/listings/listings.cfg
File: listings.cfg 2020/03/24 1.8d listings configuration
))
Package: listings 2020/03/24 1.8d (Carsten Heinz)

(/opt/local/share/texmf-texlive/tex/latex/paralist/paralist.sty
Package: paralist 2017/01/22 v2.7 Extended list environments
\pltopsep=\skip56
\plpartopsep=\skip57
\plitemsep=\skip58
\plparsep=\skip59
\pl@lab=\toks19
)
(/opt/local/share/texmf-texlive/tex/latex/url/url.sty
\Urlmuskip=\muskip16
Package: url 2013/09/16  ver 3.4  Verb mode for urls, etc.
)
(/opt/local/share/texmf-texlive/tex/latex/tocbibind/tocbibind.sty
Package: tocbibind 2010/10/13 v1.5k extra ToC listings
Package tocbibind Info: The document has section divisions on input line 50.


Package tocbibind Note: Using section or other style headings.

) (/opt/local/share/texmf-texlive/tex/latex/caption/caption.sty
Package: caption 2020/01/03 v3.4h Customizing captions (AR)

(/opt/local/share/texmf-texlive/tex/latex/caption/caption3.sty
Package: caption3 2020/01/03 v1.8h caption3 kernel (AR)
Package caption3 Info: TeX engine: e-TeX on input line 61.
\captionmargin=\dimen155
\captionmargin@=\dimen156
\captionwidth=\dimen157
\caption@tempdima=\dimen158
\caption@indent=\dimen159
\caption@parindent=\dimen160
\caption@hangindent=\dimen161
Package caption Info: Standard document class detected.
)
\c@caption@flags=\count270
\c@continuedfloat=\count271
Package caption Info: listings package is loaded.
)
(/opt/local/share/texmf-texlive/tex/latex/base/fontenc.sty
Package: fontenc 2020/02/11 v2.0o Standard LaTeX package
)
(/opt/local/share/texmf-texlive/tex/latex/base/inputenc.sty
Package: inputenc 2018/08/11 v1.3c Input encoding file
\inpenc@prehook=\toks20
\inpenc@posthook=\toks21
)
(/opt/local/share/texmf-texlive/tex/latex/hyperref/hyperref.sty
Package: hyperref 2020/01/14 v7.00d Hypertext links for LaTeX

(/opt/local/share/texmf-texlive/tex/generic/ltxcmds/ltxcmds.sty
Package: ltxcmds 2019/12/15 v1.24 LaTeX kernel commands for general use (HO)
)
(/opt/local/share/texmf-texlive/tex/generic/iftex/iftex.sty
Package: iftex 2020/03/06 v1.0d TeX engine tests
)
(/opt/local/share/texmf-texlive/tex/latex/pdftexcmds/pdftexcmds.sty
Package: pdftexcmds 2019/11/24 v0.31 Utility functions of pdfTeX for LuaTeX (HO
)

(/opt/local/share/texmf-texlive/tex/generic/infwarerr/infwarerr.sty
Package: infwarerr 2019/12/03 v1.5 Providing info/warning/error messages (HO)
)
Package pdftexcmds Info: \pdf@primitive is available.
Package pdftexcmds Info: \pdf@ifprimitive is available.
Package pdftexcmds Info: \pdfdraftmode found.
)
(/opt/local/share/texmf-texlive/tex/generic/kvsetkeys/kvsetkeys.sty
Package: kvsetkeys 2019/12/15 v1.18 Key value parser (HO)
)
(/opt/local/share/texmf-texlive/tex/generic/kvdefinekeys/kvdefinekeys.sty
Package: kvdefinekeys 2019-12-19 v1.6 Define keys (HO)
)
(/opt/local/share/texmf-texlive/tex/generic/pdfescape/pdfescape.sty
Package: pdfescape 2019/12/09 v1.15 Implements pdfTeX's escape features (HO)
)
(/opt/local/share/texmf-texlive/tex/latex/hycolor/hycolor.sty
Package: hycolor 2020-01-27 v1.10 Color options for hyperref/bookmark (HO)
)
(/opt/local/share/texmf-texlive/tex/latex/letltxmacro/letltxmacro.sty
Package: letltxmacro 2019/12/03 v1.6 Let assignment for LaTeX macros (HO)
)
(/opt/local/share/texmf-texlive/tex/latex/auxhook/auxhook.sty
Package: auxhook 2019-12-17 v1.6 Hooks for auxiliary files (HO)
)
(/opt/local/share/texmf-texlive/tex/latex/kvoptions/kvoptions.sty
Package: kvoptions 2019/11/29 v3.13 Key value format for package options (HO)
)
\@linkdim=\dimen162
\Hy@linkcounter=\count272
\Hy@pagecounter=\count273

(/opt/local/share/texmf-texlive/tex/latex/hyperref/pd1enc.def
File: pd1enc.def 2020/01/14 v7.00d Hyperref: PDFDocEncoding definition (HO)
Now handling font encoding PD1 ...
... no UTF-8 mapping file for font encoding PD1
)
(/opt/local/share/texmf-texlive/tex/generic/intcalc/intcalc.sty
Package: intcalc 2019/12/15 v1.3 Expandable calculations with integers (HO)
)
(/opt/local/share/texmf-texlive/tex/generic/etexcmds/etexcmds.sty
Package: etexcmds 2019/12/15 v1.7 Avoid name clashes with e-TeX commands (HO)
)
\Hy@SavedSpaceFactor=\count274
Package hyperref Info: Option `colorlinks' set `true' on input line 4421.
Package hyperref Info: Option `breaklinks' set `true' on input line 4421.
Package hyperref Info: Hyper figures OFF on input line 4547.
Package hyperref Info: Link nesting OFF on input line 4552.
Package hyperref Info: Hyper index ON on input line 4555.
Package hyperref Info: Plain pages OFF on input line 4562.
Package hyperref Info: Backreferencing OFF on input line 4567.
Package hyperref Info: Implicit mode ON; LaTeX internals redefined.
Package hyperref Info: Bookmarks ON on input line 4800.
\c@Hy@tempcnt=\count275
LaTeX Info: Redefining \url on input line 5159.
\XeTeXLinkMargin=\dimen163

(/opt/local/share/texmf-texlive/tex/generic/bitset/bitset.sty
Package: bitset 2019/12/09 v1.3 Handle bit-vector datatype (HO)

(/opt/local/share/texmf-texlive/tex/generic/bigintcalc/bigintcalc.sty
Package: bigintcalc 2019/12/15 v1.5 Expandable calculations on big integers (HO
)
))
\Fld@menulength=\count276
\Field@Width=\dimen164
\Fld@charsize=\dimen165
Package hyperref Info: Hyper figures OFF on input line 6430.
Package hyperref Info: Link nesting OFF on input line 6435.
Package hyperref Info: Hyper index ON on input line 6438.
Package hyperref Info: backreferencing OFF on input line 6445.
Package hyperref Info: Link coloring ON on input line 6448.
Package hyperref Info: Link coloring with OCG OFF on input line 6455.
Package hyperref Info: PDF/A mode OFF on input line 6460.
LaTeX Info: Redefining \ref on input line 6500.
LaTeX Info: Redefining \pageref on input line 6504.

(/opt/local/share/texmf-texlive/tex/generic/atbegshi/atbegshi.sty
Package: atbegshi 2019/12/05 v1.19 At begin shipout hook (HO)
)
\Hy@abspage=\count277
\c@Item=\count278
\c@Hfootnote=\count279
)
Package hyperref Info: Driver (autodetected): hpdftex.

(/opt/local/share/texmf-texlive/tex/latex/hyperref/hpdftex.def
File: hpdftex.def 2020/01/14 v7.00d Hyperref driver for pdfTeX

(/opt/local/share/texmf-texlive/tex/latex/atveryend/atveryend.sty
Package: atveryend 2019-12-11 v1.11 Hooks at the very end of document (HO)
Package atveryend Info: \enddocument detected (standard20110627).
)
\Fld@listcount=\count280
\c@bookmark@seq@number=\count281

(/opt/local/share/texmf-texlive/tex/latex/rerunfilecheck/rerunfilecheck.sty
Package: rerunfilecheck 2019/12/05 v1.9 Rerun checks for auxiliary files (HO)

(/opt/local/share/texmf-texlive/tex/generic/uniquecounter/uniquecounter.sty
Package: uniquecounter 2019/12/15 v1.4 Provide unlimited unique counter (HO)
)
Package uniquecounter Info: New unique counter `rerunfilecheck' on input line 2
86.
)
\Hy@SectionHShift=\skip60
)
(/opt/local/share/texmf-texlive/tex/latex/natbib/natbib.sty
Package: natbib 2010/09/13 8.31b (PWD, AO)
\bibhang=\skip61
\bibsep=\skip62
LaTeX Info: Redefining \cite on input line 694.
\c@NAT@ctr=\count282
) (./ivoatexmeta.tex)) (/opt/local/share/texmf-texlive/tex/latex/listings/lstla
ng1.sty
File: lstlang1.sty 2020/03/24 1.8d listings language file
)
(/opt/local/share/texmf-texlive/tex/latex/listings/lstlang2.sty
File: lstlang2.sty 2020/03/24 1.8d listings language file
)
(/opt/local/share/texmf-texlive/tex/latex/listings/lstlang3.sty
File: lstlang3.sty 2020/03/24 1.8d listings language file
)
(/opt/local/share/texmf-texlive/tex/latex/listings/lstmisc.sty
File: lstmisc.sty 2020/03/24 1.8d (Carsten Heinz)
)
(/opt/local/share/texmf-texlive/tex/latex/listings/lstlang1.sty
File: lstlang1.sty 2020/03/24 1.8d listings language file
)
(/opt/local/share/texmf-texlive/tex/latex/listings/lstlang2.sty
File: lstlang2.sty 2020/03/24 1.8d listings language file
)
(/opt/local/share/texmf-texlive/tex/latex/listings/lstlang3.sty
File: lstlang3.sty 2020/03/24 1.8d listings language file
)
(/opt/local/share/texmf-texlive/tex/latex/listings/lstlang1.sty
File: lstlang1.sty 2020/03/24 1.8d listings language file
)
(/opt/local/share/texmf-texlive/tex/latex/listings/lstlang2.sty
File: lstlang2.sty 2020/03/24 1.8d listings language file
)
(/opt/local/share/texmf-texlive/tex/latex/listings/lstlang3.sty
File: lstlang3.sty 2020/03/24 1.8d listings language file
)
(/opt/local/share/texmf-texlive/tex/latex/listings/lstmisc.sty
File: lstmisc.sty 2020/03/24 1.8d (Carsten Heinz)
)
(/opt/local/share/texmf-texlive/tex/latex/todonotes/todonotes.sty
Package: todonotes 2019/01/24 v1.1.2 Todonotes source and documentation.
Package: todonotes 2018/11/22

(/opt/local/share/texmf-texlive/tex/latex/xkeyval/xkeyval.sty
Package: xkeyval 2014/12/03 v2.7a package option processing (HA)

(/opt/local/share/texmf-texlive/tex/generic/xkeyval/xkeyval.tex
(/opt/local/share/texmf-texlive/tex/generic/xkeyval/xkvutils.tex
\XKV@toks=\toks22
\XKV@tempa@toks=\toks23
)
\XKV@depth=\count283
File: xkeyval.tex 2014/12/03 v2.7a key=value parser (HA)
))
(/opt/local/share/texmf-texlive/tex/latex/pgf/frontendlayer/tikz.sty
(/opt/local/share/texmf-texlive/tex/latex/pgf/basiclayer/pgf.sty
(/opt/local/share/texmf-texlive/tex/latex/pgf/utilities/pgfrcs.sty
(/opt/local/share/texmf-texlive/tex/generic/pgf/utilities/pgfutil-common.tex
\pgfutil@everybye=\toks24
\pgfutil@tempdima=\dimen166
\pgfutil@tempdimb=\dimen167

(/opt/local/share/texmf-texlive/tex/generic/pgf/utilities/pgfutil-common-lists.
tex))
(/opt/local/share/texmf-texlive/tex/generic/pgf/utilities/pgfutil-latex.def
\pgfutil@abb=\box93

(/opt/local/share/texmf-texlive/tex/latex/ms/everyshi.sty
Package: everyshi 2001/05/15 v3.00 EveryShipout Package (MS)
))
(/opt/local/share/texmf-texlive/tex/generic/pgf/utilities/pgfrcs.code.tex
(/opt/local/share/texmf-texlive/tex/generic/pgf/pgf.revision.tex)
Package: pgfrcs 2020/01/08 v3.1.5b (3.1.5b)
))
Package: pgf 2020/01/08 v3.1.5b (3.1.5b)

(/opt/local/share/texmf-texlive/tex/latex/pgf/basiclayer/pgfcore.sty
(/opt/local/share/texmf-texlive/tex/latex/pgf/systemlayer/pgfsys.sty
(/opt/local/share/texmf-texlive/tex/generic/pgf/systemlayer/pgfsys.code.tex
Package: pgfsys 2020/01/08 v3.1.5b (3.1.5b)

(/opt/local/share/texmf-texlive/tex/generic/pgf/utilities/pgfkeys.code.tex
\pgfkeys@pathtoks=\toks25
\pgfkeys@temptoks=\toks26

(/opt/local/share/texmf-texlive/tex/generic/pgf/utilities/pgfkeysfiltered.code.
tex
\pgfkeys@tmptoks=\toks27
))
\pgf@x=\dimen168
\pgf@y=\dimen169
\pgf@xa=\dimen170
\pgf@ya=\dimen171
\pgf@xb=\dimen172
\pgf@yb=\dimen173
\pgf@xc=\dimen174
\pgf@yc=\dimen175
\pgf@xd=\dimen176
\pgf@yd=\dimen177
\w@pgf@writea=\write3
\r@pgf@reada=\read2
\c@pgf@counta=\count284
\c@pgf@countb=\count285
\c@pgf@countc=\count286
\c@pgf@countd=\count287
\t@pgf@toka=\toks28
\t@pgf@tokb=\toks29
\t@pgf@tokc=\toks30
\pgf@sys@id@count=\count288
 (/opt/local/share/texmf-texlive/tex/generic/pgf/systemlayer/pgf.cfg
File: pgf.cfg 2020/01/08 v3.1.5b (3.1.5b)
)
Driver file for pgf: pgfsys-pdftex.def

(/opt/local/share/texmf-texlive/tex/generic/pgf/systemlayer/pgfsys-pdftex.def
File: pgfsys-pdftex.def 2020/01/08 v3.1.5b (3.1.5b)

(/opt/local/share/texmf-texlive/tex/generic/pgf/systemlayer/pgfsys-common-pdf.d
ef
File: pgfsys-common-pdf.def 2020/01/08 v3.1.5b (3.1.5b)
)))
(/opt/local/share/texmf-texlive/tex/generic/pgf/systemlayer/pgfsyssoftpath.code
.tex
File: pgfsyssoftpath.code.tex 2020/01/08 v3.1.5b (3.1.5b)
\pgfsyssoftpath@smallbuffer@items=\count289
\pgfsyssoftpath@bigbuffer@items=\count290
)
(/opt/local/share/texmf-texlive/tex/generic/pgf/systemlayer/pgfsysprotocol.code
.tex
File: pgfsysprotocol.code.tex 2020/01/08 v3.1.5b (3.1.5b)
))
(/opt/local/share/texmf-texlive/tex/generic/pgf/basiclayer/pgfcore.code.tex
Package: pgfcore 2020/01/08 v3.1.5b (3.1.5b)

(/opt/local/share/texmf-texlive/tex/generic/pgf/math/pgfmath.code.tex
(/opt/local/share/texmf-texlive/tex/generic/pgf/math/pgfmathcalc.code.tex
(/opt/local/share/texmf-texlive/tex/generic/pgf/math/pgfmathutil.code.tex)
(/opt/local/share/texmf-texlive/tex/generic/pgf/math/pgfmathparser.code.tex
\pgfmath@dimen=\dimen178
\pgfmath@count=\count291
\pgfmath@box=\box94
\pgfmath@toks=\toks31
\pgfmath@stack@operand=\toks32
\pgfmath@stack@operation=\toks33
)
(/opt/local/share/texmf-texlive/tex/generic/pgf/math/pgfmathfunctions.code.tex
(/opt/local/share/texmf-texlive/tex/generic/pgf/math/pgfmathfunctions.basic.cod
e.tex)
(/opt/local/share/texmf-texlive/tex/generic/pgf/math/pgfmathfunctions.trigonome
tric.code.tex)
(/opt/local/share/texmf-texlive/tex/generic/pgf/math/pgfmathfunctions.random.co
de.tex)
(/opt/local/share/texmf-texlive/tex/generic/pgf/math/pgfmathfunctions.compariso
n.code.tex)
(/opt/local/share/texmf-texlive/tex/generic/pgf/math/pgfmathfunctions.base.code
.tex)
(/opt/local/share/texmf-texlive/tex/generic/pgf/math/pgfmathfunctions.round.cod
e.tex)
(/opt/local/share/texmf-texlive/tex/generic/pgf/math/pgfmathfunctions.misc.code
.tex)
(/opt/local/share/texmf-texlive/tex/generic/pgf/math/pgfmathfunctions.integerar
ithmetics.code.tex)))
(/opt/local/share/texmf-texlive/tex/generic/pgf/math/pgfmathfloat.code.tex
\c@pgfmathroundto@lastzeros=\count292
))
(/opt/local/share/texmf-texlive/tex/generic/pgf/math/pgfint.code.tex)
(/opt/local/share/texmf-texlive/tex/generic/pgf/basiclayer/pgfcorepoints.code.t
ex
File: pgfcorepoints.code.tex 2020/01/08 v3.1.5b (3.1.5b)
\pgf@picminx=\dimen179
\pgf@picmaxx=\dimen180
\pgf@picminy=\dimen181
\pgf@picmaxy=\dimen182
\pgf@pathminx=\dimen183
\pgf@pathmaxx=\dimen184
\pgf@pathminy=\dimen185
\pgf@pathmaxy=\dimen186
\pgf@xx=\dimen187
\pgf@xy=\dimen188
\pgf@yx=\dimen189
\pgf@yy=\dimen190
\pgf@zx=\dimen191
\pgf@zy=\dimen192
)
(/opt/local/share/texmf-texlive/tex/generic/pgf/basiclayer/pgfcorepathconstruct
.code.tex
File: pgfcorepathconstruct.code.tex 2020/01/08 v3.1.5b (3.1.5b)
\pgf@path@lastx=\dimen193
\pgf@path@lasty=\dimen194
)
(/opt/local/share/texmf-texlive/tex/generic/pgf/basiclayer/pgfcorepathusage.cod
e.tex
File: pgfcorepathusage.code.tex 2020/01/08 v3.1.5b (3.1.5b)
\pgf@shorten@end@additional=\dimen195
\pgf@shorten@start@additional=\dimen196
)
(/opt/local/share/texmf-texlive/tex/generic/pgf/basiclayer/pgfcorescopes.code.t
ex
File: pgfcorescopes.code.tex 2020/01/08 v3.1.5b (3.1.5b)
\pgfpic=\box95
\pgf@hbox=\box96
\pgf@layerbox@main=\box97
\pgf@picture@serial@count=\count293
)
(/opt/local/share/texmf-texlive/tex/generic/pgf/basiclayer/pgfcoregraphicstate.
code.tex
File: pgfcoregraphicstate.code.tex 2020/01/08 v3.1.5b (3.1.5b)
\pgflinewidth=\dimen197
)
(/opt/local/share/texmf-texlive/tex/generic/pgf/basiclayer/pgfcoretransformatio
ns.code.tex
File: pgfcoretransformations.code.tex 2020/01/08 v3.1.5b (3.1.5b)
\pgf@pt@x=\dimen198
\pgf@pt@y=\dimen199
\pgf@pt@temp=\dimen256
)
(/opt/local/share/texmf-texlive/tex/generic/pgf/basiclayer/pgfcorequick.code.te
x
File: pgfcorequick.code.tex 2020/01/08 v3.1.5b (3.1.5b)
)
(/opt/local/share/texmf-texlive/tex/generic/pgf/basiclayer/pgfcoreobjects.code.
tex
File: pgfcoreobjects.code.tex 2020/01/08 v3.1.5b (3.1.5b)
)
(/opt/local/share/texmf-texlive/tex/generic/pgf/basiclayer/pgfcorepathprocessin
g.code.tex
File: pgfcorepathprocessing.code.tex 2020/01/08 v3.1.5b (3.1.5b)
)
(/opt/local/share/texmf-texlive/tex/generic/pgf/basiclayer/pgfcorearrows.code.t
ex
File: pgfcorearrows.code.tex 2020/01/08 v3.1.5b (3.1.5b)
\pgfarrowsep=\dimen257
)
(/opt/local/share/texmf-texlive/tex/generic/pgf/basiclayer/pgfcoreshade.code.te
x
File: pgfcoreshade.code.tex 2020/01/08 v3.1.5b (3.1.5b)
\pgf@max=\dimen258
\pgf@sys@shading@range@num=\count294
\pgf@shadingcount=\count295
)
(/opt/local/share/texmf-texlive/tex/generic/pgf/basiclayer/pgfcoreimage.code.te
x
File: pgfcoreimage.code.tex 2020/01/08 v3.1.5b (3.1.5b)

(/opt/local/share/texmf-texlive/tex/generic/pgf/basiclayer/pgfcoreexternal.code
.tex
File: pgfcoreexternal.code.tex 2020/01/08 v3.1.5b (3.1.5b)
\pgfexternal@startupbox=\box98
))
(/opt/local/share/texmf-texlive/tex/generic/pgf/basiclayer/pgfcorelayers.code.t
ex
File: pgfcorelayers.code.tex 2020/01/08 v3.1.5b (3.1.5b)
)
(/opt/local/share/texmf-texlive/tex/generic/pgf/basiclayer/pgfcoretransparency.
code.tex
File: pgfcoretransparency.code.tex 2020/01/08 v3.1.5b (3.1.5b)
)
(/opt/local/share/texmf-texlive/tex/generic/pgf/basiclayer/pgfcorepatterns.code
.tex
File: pgfcorepatterns.code.tex 2020/01/08 v3.1.5b (3.1.5b)
)
(/opt/local/share/texmf-texlive/tex/generic/pgf/basiclayer/pgfcorerdf.code.tex
File: pgfcorerdf.code.tex 2020/01/08 v3.1.5b (3.1.5b)
)))
(/opt/local/share/texmf-texlive/tex/generic/pgf/modules/pgfmoduleshapes.code.te
x
File: pgfmoduleshapes.code.tex 2020/01/08 v3.1.5b (3.1.5b)
\pgfnodeparttextbox=\box99
)
(/opt/local/share/texmf-texlive/tex/generic/pgf/modules/pgfmoduleplot.code.tex
File: pgfmoduleplot.code.tex 2020/01/08 v3.1.5b (3.1.5b)
)
(/opt/local/share/texmf-texlive/tex/latex/pgf/compatibility/pgfcomp-version-0-6
5.sty
Package: pgfcomp-version-0-65 2020/01/08 v3.1.5b (3.1.5b)
\pgf@nodesepstart=\dimen259
\pgf@nodesepend=\dimen260
)
(/opt/local/share/texmf-texlive/tex/latex/pgf/compatibility/pgfcomp-version-1-1
8.sty
Package: pgfcomp-version-1-18 2020/01/08 v3.1.5b (3.1.5b)
)) (/opt/local/share/texmf-texlive/tex/latex/pgf/utilities/pgffor.sty
(/opt/local/share/texmf-texlive/tex/latex/pgf/utilities/pgfkeys.sty
(/opt/local/share/texmf-texlive/tex/generic/pgf/utilities/pgfkeys.code.tex))
(/opt/local/share/texmf-texlive/tex/latex/pgf/math/pgfmath.sty
(/opt/local/share/texmf-texlive/tex/generic/pgf/math/pgfmath.code.tex))
(/opt/local/share/texmf-texlive/tex/generic/pgf/utilities/pgffor.code.tex
Package: pgffor 2020/01/08 v3.1.5b (3.1.5b)

(/opt/local/share/texmf-texlive/tex/generic/pgf/math/pgfmath.code.tex)
\pgffor@iter=\dimen261
\pgffor@skip=\dimen262
\pgffor@stack=\toks34
\pgffor@toks=\toks35
))
(/opt/local/share/texmf-texlive/tex/generic/pgf/frontendlayer/tikz/tikz.code.te
x
Package: tikz 2020/01/08 v3.1.5b (3.1.5b)

(/opt/local/share/texmf-texlive/tex/generic/pgf/libraries/pgflibraryplothandler
s.code.tex
File: pgflibraryplothandlers.code.tex 2020/01/08 v3.1.5b (3.1.5b)
\pgf@plot@mark@count=\count296
\pgfplotmarksize=\dimen263
)
\tikz@lastx=\dimen264
\tikz@lasty=\dimen265
\tikz@lastxsaved=\dimen266
\tikz@lastysaved=\dimen267
\tikz@lastmovetox=\dimen268
\tikz@lastmovetoy=\dimen269
\tikzleveldistance=\dimen270
\tikzsiblingdistance=\dimen271
\tikz@figbox=\box100
\tikz@figbox@bg=\box101
\tikz@tempbox=\box102
\tikz@tempbox@bg=\box103
\tikztreelevel=\count297
\tikznumberofchildren=\count298
\tikznumberofcurrentchild=\count299
\tikz@fig@count=\count300

(/opt/local/share/texmf-texlive/tex/generic/pgf/modules/pgfmodulematrix.code.te
x
File: pgfmodulematrix.code.tex 2020/01/08 v3.1.5b (3.1.5b)
\pgfmatrixcurrentrow=\count301
\pgfmatrixcurrentcolumn=\count302
\pgf@matrix@numberofcolumns=\count303
)
\tikz@expandcount=\count304

(/opt/local/share/texmf-texlive/tex/generic/pgf/frontendlayer/tikz/libraries/ti
kzlibrarytopaths.code.tex
File: tikzlibrarytopaths.code.tex 2020/01/08 v3.1.5b (3.1.5b)
)))
(/opt/local/share/texmf-texlive/tex/generic/pgf/frontendlayer/tikz/libraries/ti
kzlibrarypositioning.code.tex
File: tikzlibrarypositioning.code.tex 2020/01/08 v3.1.5b (3.1.5b)
)
(/opt/local/share/texmf-texlive/tex/generic/pgf/frontendlayer/tikz/libraries/ti
kzlibraryshadows.code.tex
File: tikzlibraryshadows.code.tex 2020/01/08 v3.1.5b (3.1.5b)

(/opt/local/share/texmf-texlive/tex/generic/pgf/frontendlayer/tikz/libraries/ti
kzlibraryfadings.code.tex
File: tikzlibraryfadings.code.tex 2020/01/08 v3.1.5b (3.1.5b)

(/opt/local/share/texmf-texlive/tex/generic/pgf/libraries/pgflibraryfadings.cod
e.tex
File: pgflibraryfadings.code.tex 2020/01/08 v3.1.5b (3.1.5b)
)))
\c@@todonotes@numberoftodonotes=\count305
) (/opt/local/share/texmf-texlive/tex/latex/float/float.sty
Package: float 2001/11/08 v1.3d Float enhancements (AL)
\c@float@type=\count306
\float@exts=\toks36
\float@box=\box104
\@float@everytoks=\toks37
\@floatcapt=\box105
)
\@float@every@table=\toks38

(/opt/local/share/texmf-texlive/tex/latex/placeins/placeins.sty
Package: placeins 2005/04/18  v 2.2
)
(/opt/local/share/texmf-texlive/tex/latex/adjustbox/adjustbox.sty
Package: adjustbox 2019/01/04 v1.2 Adjusting TeX boxes (trim, clip, ...)

(/opt/local/share/texmf-texlive/tex/latex/adjustbox/adjcalc.sty
Package: adjcalc 2012/05/16 v1.1 Provides advanced setlength with multiple back
-ends (calc, etex, pgfmath)
)
(/opt/local/share/texmf-texlive/tex/latex/adjustbox/trimclip.sty
Package: trimclip 2018/04/08 v1.1 Trim and clip general TeX material

(/opt/local/share/texmf-texlive/tex/latex/collectbox/collectbox.sty
Package: collectbox 2012/05/17 v0.4b Collect macro arguments as boxes
\collectedbox=\box106
)
\tc@llx=\dimen272
\tc@lly=\dimen273
\tc@urx=\dimen274
\tc@ury=\dimen275
Package trimclip Info: Using driver 'tc-pdftex.def'.

(/opt/local/share/texmf-texlive/tex/latex/adjustbox/tc-pdftex.def
File: tc-pdftex.def 2019/01/04 v2.2 Clipping driver for pdftex
))
\adjbox@Width=\dimen276
\adjbox@Height=\dimen277
\adjbox@Depth=\dimen278
\adjbox@Totalheight=\dimen279
\adjbox@pwidth=\dimen280
\adjbox@pheight=\dimen281
\adjbox@pdepth=\dimen282
\adjbox@ptotalheight=\dimen283

(/opt/local/share/texmf-texlive/tex/latex/ifoddpage/ifoddpage.sty
Package: ifoddpage 2016/04/23 v1.1 Conditionals for odd/even page detection
\c@checkoddpage=\count307
)
(/opt/local/share/texmf-texlive/tex/latex/varwidth/varwidth.sty
Package: varwidth 2009/03/30 ver 0.92;  Variable-width minipages
\@vwid@box=\box107
\sift@deathcycles=\count308
\@vwid@loff=\dimen284
\@vwid@roff=\dimen285
))
(/opt/local/share/texmf-texlive/tex/latex/graphics/lscape.sty
Package: lscape 2000/10/22 v3.01 Landscape Pages (DPC)
)
(/opt/local/share/texmf-texlive/tex/latex/appendix/appendix.sty
Package: appendix 2020/02/08 v1.2c extra appendix facilities
\c@@pps=\count309
\c@@ppsavesec=\count310
\c@@ppsaveapp=\count311
)
(/opt/local/share/texmf-texlive/tex/generic/babel/babel.sty
Package: babel 2020/03/22 3.42 The Babel package

(/opt/local/share/texmf-texlive/tex/generic/babel/switch.def
File: switch.def 2020/03/22 3.42 Babel switching mechanism
)
(/opt/local/share/texmf-texlive/tex/generic/babel-english/english.ldf
Language: english 2017/06/06 v3.3r English support from the babel system

(/opt/local/share/texmf-texlive/tex/generic/babel/babel.def
File: babel.def 2020/03/22 3.42 Babel common definitions
\babel@savecnt=\count312
\U@D=\dimen286

(/opt/local/share/texmf-texlive/tex/generic/babel/txtbabel.def)
\bbl@readstream=\read3
\bbl@dirlevel=\count313
)
Package babel Info: \l@canadian = using hyphenrules for english
(babel)             (\language0) on input line 102.
Package babel Info: \l@australian = using hyphenrules for ukenglish
(babel)             (\language17) on input line 105.
Package babel Info: \l@newzealand = using hyphenrules for ukenglish
(babel)             (\language17) on input line 108.
))
(/opt/local/share/texmf-texlive/tex/latex/booktabs/booktabs.sty
Package: booktabs 2020/01/12 v1.61803398 Publication quality tables
\heavyrulewidth=\dimen287
\lightrulewidth=\dimen288
\cmidrulewidth=\dimen289
\belowrulesep=\dimen290
\belowbottomsep=\dimen291
\aboverulesep=\dimen292
\abovetopsep=\dimen293
\cmidrulesep=\dimen294
\cmidrulekern=\dimen295
\defaultaddspace=\dimen296
\@cmidla=\count314
\@cmidlb=\count315
\@aboverulesep=\dimen297
\@belowrulesep=\dimen298
\@thisruleclass=\count316
\@lastruleclass=\count317
\@thisrulewidth=\dimen299
)
(/opt/local/share/texmf-texlive/tex/latex/siunitx/siunitx.sty
(/opt/local/share/texmf-texlive/tex/latex/l3kernel/expl3.sty
Package: expl3 2020-03-06 L3 programming layer (loader) 

(/opt/local/share/texmf-texlive/tex/latex/l3backend/l3backend-pdfmode.def
File: l3backend-pdfmode.def 2020-03-12 L3 backend support: PDF mode
\l__kernel_color_stack_int=\count318
\l__pdf_internal_box=\box108
))
(/opt/local/share/texmf-texlive/tex/latex/l3packages/xparse/xparse.sty
Package: xparse 2020-03-06 L3 Experimental document command parser
\l__xparse_current_arg_int=\count319
\g__xparse_grabber_int=\count320
\l__xparse_m_args_int=\count321
\l__xparse_v_nesting_int=\count322
)
Package: siunitx 2020/02/25 v2.8b A comprehensive (SI) units package

(/opt/local/share/texmf-texlive/tex/latex/amsmath/amstext.sty
Package: amstext 2000/06/29 v2.01 AMS text

(/opt/local/share/texmf-texlive/tex/latex/amsmath/amsgen.sty
File: amsgen.sty 1999/11/30 v2.0 generic functions
\@emptytoks=\toks39
\ex@=\dimen300
))
(/opt/local/share/texmf-texlive/tex/latex/tools/array.sty
Package: array 2019/08/31 v2.4l Tabular extension package (FMi)
\col@sep=\dimen301
\ar@mcellbox=\box109
\extrarowheight=\dimen302
\NC@list=\toks40
\extratabsurround=\skip63
\backup@length=\skip64
\ar@cellbox=\box110
)
(/opt/local/share/texmf-texlive/tex/latex/l3packages/l3keys2e/l3keys2e.sty
Package: l3keys2e 2020-03-06 LaTeX2e option processing using LaTeX3 keys
)
\l__siunitx_tmp_box=\box111
\l__siunitx_tmp_dim=\dimen303
\l__siunitx_tmp_int=\count323
\l__siunitx_number_mantissa_length_int=\count324
\l__siunitx_number_uncert_length_int=\count325
\l__siunitx_round_int=\count326
\l__siunitx_process_decimal_int=\count327
\l__siunitx_process_uncertainty_int=\count328
\l__siunitx_process_fixed_int=\count329
\l__siunitx_process_integer_min_int=\count330
\l__siunitx_process_precision_int=\count331
\l__siunitx_group_min_int=\count332
\l__siunitx_angle_marker_box=\box112
\l__siunitx_angle_unit_box=\box113
\l__siunitx_angle_marker_dim=\dimen304
\l__siunitx_angle_unit_dim=\dimen305
\l__siunitx_unit_int=\count333
\l__siunitx_unit_denominator_int=\count334
\l__siunitx_unit_numerator_int=\count335
\l__siunitx_unit_prefix_int=\count336
\l__siunitx_unit_prefix_base_int=\count337
\l__siunitx_unit_prefix_gram_int=\count338
\l__siunitx_number_product_int=\count339
\c__siunitx_one_fill_skip=\skip65
\l__siunitx_table_unit_align_skip=\skip66
\l__siunitx_table_exponent_dim=\dimen306
\l__siunitx_table_integer_dim=\dimen307
\l__siunitx_table_mantissa_dim=\dimen308
\l__siunitx_table_marker_dim=\dimen309
\l__siunitx_table_result_dim=\dimen310
\l__siunitx_table_uncert_dim=\dimen311
\l__siunitx_table_fill_pre_dim=\dimen312
\l__siunitx_table_fill_post_dim=\dimen313
\l__siunitx_table_fill_mid_dim=\dimen314
\l__siunitx_table_pre_box=\box114
\l__siunitx_table_post_box=\box115
\l__siunitx_table_mantissa_box=\box116
\l__siunitx_table_result_box=\box117
\l__siunitx_table_number_align_skip=\skip67
\l__siunitx_table_text_align_skip=\skip68

(/opt/local/share/texmf-texlive/tex/latex/translator/translator.sty
Package: translator 2019-05-31 v1.12a Easy translation of strings in LaTeX
))
(/opt/local/share/texmf-texlive/tex/latex/listings/lstlang1.sty
File: lstlang1.sty 2020/03/24 1.8d listings language file
)
(./ObjVisSAP.aux)
\openout1 = `ObjVisSAP.aux'.

LaTeX Font Info:    Checking defaults for OML/cmm/m/it on input line 77.
LaTeX Font Info:    ... okay on input line 77.
LaTeX Font Info:    Checking defaults for OMS/cmsy/m/n on input line 77.
LaTeX Font Info:    ... okay on input line 77.
LaTeX Font Info:    Checking defaults for OT1/cmr/m/n on input line 77.
LaTeX Font Info:    ... okay on input line 77.
LaTeX Font Info:    Checking defaults for T1/cmr/m/n on input line 77.
LaTeX Font Info:    ... okay on input line 77.
LaTeX Font Info:    Checking defaults for TS1/cmr/m/n on input line 77.
LaTeX Font Info:    ... okay on input line 77.
LaTeX Font Info:    Checking defaults for OMX/cmex/m/n on input line 77.
LaTeX Font Info:    ... okay on input line 77.
LaTeX Font Info:    Checking defaults for U/cmr/m/n on input line 77.
LaTeX Font Info:    ... okay on input line 77.
LaTeX Font Info:    Checking defaults for PD1/pdf/m/n on input line 77.
LaTeX Font Info:    ... okay on input line 77.

(/opt/local/share/texmf-texlive/tex/context/base/mkii/supp-pdf.mkii
[Loading MPS to PDF converter (version 2006.09.02).]
\scratchcounter=\count340
\scratchdimen=\dimen315
\scratchbox=\box118
\nofMPsegments=\count341
\nofMParguments=\count342
\everyMPshowfont=\toks41
\MPscratchCnt=\count343
\MPscratchDim=\dimen316
\MPnumerator=\count344
\makeMPintoPDFobject=\count345
\everyMPtoPDFconversion=\toks42
) (/opt/local/share/texmf-texlive/tex/latex/epstopdf-pkg/epstopdf-base.sty
Package: epstopdf-base 2020-01-24 v2.11 Base part for package epstopdf
Package epstopdf-base Info: Redefining graphics rule for `.eps' on input line 4
85.

(/opt/local/share/texmf-texlive/tex/latex/latexconfig/epstopdf-sys.cfg
File: epstopdf-sys.cfg 2010/07/13 v1.3 Configuration of (r)epstopdf for TeX Liv
e
))
\c@lstlisting=\count346
Package caption Info: Begin \AtBeginDocument code.
Package caption Info: float package is loaded.
Package caption Info: hyperref package is loaded.
Package caption Info: End \AtBeginDocument code.
\AtBeginShipoutBox=\box119
Package hyperref Info: Link coloring ON on input line 77.

(/opt/local/share/texmf-texlive/tex/latex/hyperref/nameref.sty
Package: nameref 2019/09/16 v2.46 Cross-referencing by name of section

(/opt/local/share/texmf-texlive/tex/latex/refcount/refcount.sty
Package: refcount 2019/12/15 v3.6 Data extraction from label references (HO)
)
(/opt/local/share/texmf-texlive/tex/generic/gettitlestring/gettitlestring.sty
Package: gettitlestring 2019/12/15 v1.6 Cleanup title references (HO)
)
\c@section@level=\count347
)
LaTeX Info: Redefining \ref on input line 77.
LaTeX Info: Redefining \pageref on input line 77.
LaTeX Info: Redefining \nameref on input line 77.
(./ObjVisSAP.out) (./ObjVisSAP.out)
\@outlinefile=\write4
\openout4 = `ObjVisSAP.out'.

 ABD: EveryShipout initializing macros
(/opt/local/share/texmf-texlive/tex/latex/translator/translator-basic-dictionar
y-English.dict
Dictionary: translator-basic-dictionary, Language: English 
)
(/opt/local/share/texmf-texlive/tex/latex/siunitx/siunitx-abbreviations.cfg
File: siunitx-abbreviations.cfg 2017/11/26 v2.7k siunitx: Abbreviated units
)
LaTeX Font Info:    External font `cmex10' loaded for size
(Font)              <10.95> on input line 77.
LaTeX Font Info:    External font `cmex10' loaded for size
(Font)              <8> on input line 77.
LaTeX Font Info:    External font `cmex10' loaded for size
(Font)              <6> on input line 77.
<ivoatex/IVOA.jpg, id=99, 545.03625pt x 301.125pt>
File: ivoatex/IVOA.jpg Graphic file (type jpg)
<use ivoatex/IVOA.jpg>
Package pdftex.def Info: ivoatex/IVOA.jpg  used on input line 79.
(pdftex.def)             Requested size: 170.71652pt x 94.31728pt.
LaTeX Font Info:    Trying to load font information for T1+cmss on input line 7
9.

(/opt/local/share/texmf-texlive/tex/latex/base/t1cmss.fd
File: t1cmss.fd 2019/12/16 v2.5j Standard LaTeX font definitions
) [1

{/opt/local/var/db/texmf/fonts/map/pdftex/updmap/pdftex.map} <./ivoatex/IVOA.jp
g>]
(./ObjVisSAP.toc [2])
\tf@toc=\write5
\openout5 = `ObjVisSAP.toc'.

<./role_diagram.pdf, id=139, 602.25pt x 451.6875pt>
File: ./role_diagram.pdf Graphic file (type pdf)
<use ./role_diagram.pdf>
Package pdftex.def Info: ./role_diagram.pdf  used on input line 124.
(pdftex.def)             Requested size: 433.63805pt x 341.85938pt.

Overfull \hbox (73.63805pt too wide) in paragraph at lines 124--125
[][] 
 []

[3] [4 <./role_diagram.pdf>]

Package natbib Warning: Citation `DALREGEXT' on page 5 undefined on input line 
163.

[5] [6]
Underfull \hbox (badness 10000) in paragraph at lines 292--297

 []

[7]
LaTeX Font Info:    Trying to load font information for T1+cmtt on input line 2
97.
 (/opt/local/share/texmf-texlive/tex/latex/base/t1cmtt.fd
File: t1cmtt.fd 2019/12/16 v2.5j Standard LaTeX font definitions
)
LaTeX Font Info:    Font shape `T1/cmtt/bx/n' in size <10.95> not available
(Font)              Font shape `T1/cmtt/m/n' tried instead on input line 324.
 [8]
(/opt/local/share/texmf-texlive/tex/latex/listings/lstlang1.sty
File: lstlang1.sty 2020/03/24 1.8d listings language file
)
(/opt/local/share/texmf-texlive/tex/latex/listings/lstmisc.sty
File: lstmisc.sty 2020/03/24 1.8d (Carsten Heinz)
)
Overfull \hbox (18.19406pt too wide) in paragraph at lines 369--370
[][][][][][][][][][][][][][][][][][][][][] 
 []


Overfull \hbox (12.53569pt too wide) in paragraph at lines 370--371
[][][][][][][][][][][][][][][][] 
 []


Overfull \hbox (18.19406pt too wide) in paragraph at lines 396--397
[][][][][][][][][][][][][][][][][][][][][][][][] 
 []

[9]
Overfull \hbox (7.22824pt too wide) in paragraph at lines 455--456
[][][][][][][][][][][][][][][][][][][][][][][][] 
 []

[10]
Overfull \hbox (1.62686pt too wide) in paragraph at lines 494--502
 [][] 
 []


Overfull \hbox (1.09366pt too wide) in paragraph at lines 505--507
[]\T1/cmr/m/n/10.95 Since the {query} re-sponse is usu-ally dy-nam-i-cally gen-
er-ated, the Content-
 []


Underfull \hbox (badness 10000) in paragraph at lines 505--507

 []

[11]
\c@numberedCntBI=\count348
 [12]
Overfull \hbox (3.73209pt too wide) in paragraph at lines 573--577
\T1/cmr/m/n/10.95 utype=" \T1/cmr/bx/n/10.95 Char.TimeAxis.Coverage.Time\T1/cmr
/m/n/10.95 " with datatype="double"
 []


Overfull \hbox (28.85332pt too wide) in paragraph at lines 581--585
[]\T1/cmr/m/n/10.95 One field \T1/cmr/bx/n/10.95 MAY \T1/cmr/m/n/10.95 have a n
ame="\T1/cmr/bx/n/10.95 validity_accuracy \T1/cmr/m/n/10.95 " with datatype="ch
ar"
 []


Overfull \hbox (31.18266pt too wide) in paragraph at lines 589--592
[]\T1/cmr/m/n/10.95 One field \T1/cmr/bx/n/10.95 MAY \T1/cmr/m/n/10.95 have a n
ame=" \T1/cmr/bx/n/10.95 va-lid-ity_predictor\T1/cmr/m/n/10.95 " with datatype=
"char"
 []


Overfull \hbox (71.27625pt too wide) in paragraph at lines 620--625
\T1/cmr/m/n/10.95 utype="\T1/cmr/bx/n/10.95 Char.SpatialAxis.Coverage.Location.
Coord.Position2D.Value2.C3\T1/cmr/m/n/10.95 " 
 []

[13]
Underfull \hbox (badness 10000) in paragraph at lines 691--697

 []

[14]
Overfull \hbox (6.66237pt too wide) in paragraph at lines 706--707
[][][][][][][][][][][][][][][][][][][][][][][][][][][][][][][][] 
 []


Overfull \hbox (12.32074pt too wide) in paragraph at lines 707--708
[][][][][][][][][][][][][][][][][][][][][][][][][][][][][][][][] 
 []


Overfull \hbox (1.004pt too wide) in paragraph at lines 709--710
[][][][][][][][][][][][][][][][][][][][][][][][][][][][][][][][] 
 []


Overfull \hbox (12.32074pt too wide) in paragraph at lines 710--711
[][][][][][][][][][][][][][][][][][][][][][][][][][][][][][][][] 
 []


Overfull \hbox (12.32074pt too wide) in paragraph at lines 711--712
[][][][][][][][][][][][][][][][][][][][][][][][][][][][][][][][] 
 []

[15] (./ObjVisSAP.bbl [16]
Underfull \hbox (badness 10000) in paragraph at lines 37--43
[][]$\T1/cmtt/m/n/10.95 http : / / www . ivoa . net / documents / ObsCore / 201
11028 /
 []


Underfull \hbox (badness 10000) in paragraph at lines 55--60
[][]$\T1/cmtt/m/n/10.95 http : / / www . ivoa . net / documents / REC / ReR / V
OResource-[]20080222 .
 []


Underfull \hbox (badness 10000) in paragraph at lines 64--69
[][]$\T1/cmtt/m/n/10.95 http : / / www . ivoa . net / documents / SSA / 2012021
0 / REC-[]SSA-[]1 .
 []

)
LaTeX Font Info:    External font `cmex10' loaded for size
(Font)              <5> on input line 786.

Underfull \hbox (badness 2418) in paragraph at lines 792--793
\T1/cmr/m/n/6 visibility cal-cu-la-tion will change
 []


Underfull \hbox (badness 10000) in paragraph at lines 796--798
\T1/cmr/m/n/6 Accepted val-ues= HIGH,
 []


Underfull \hbox (badness 1383) in paragraph at lines 800--801
[]|\T1/cmr/m/n/6 Identifier (string free rep-re-sen-ta-
 []


Overfull \hbox (11.59988pt too wide) in paragraph at lines 785--881
 [] 
 []


LaTeX Warning: `h' float specifier changed to `ht'.

[17] [18]

Package natbib Warning: There were undefined citations.

Package atveryend Info: Empty hook `BeforeClearDocument' on input line 884.
Package atveryend Info: Empty hook `AfterLastShipout' on input line 884.
(./ObjVisSAP.aux)
Package atveryend Info: Executing hook `AtVeryEndDocument' on input line 884.
Package atveryend Info: Executing hook `AtEndAfterFileList' on input line 884.
Package rerunfilecheck Info: File `ObjVisSAP.out' has not changed.
(rerunfilecheck)             Checksum: 2830AFAD74AC67474CD7FA631E005DBC;1160.
Package atveryend Info: Empty hook `AtVeryVeryEnd' on input line 884.
 ) 
Here is how much of TeX's memory you used:
 25143 strings out of 480608
 486082 string characters out of 5905557
 957387 words of memory out of 5000000
 40293 multiletter control sequences out of 15000+600000
 552659 words of font info for 63 fonts, out of 8000000 for 9000
 1141 hyphenation exceptions out of 8191
 68i,17n,83p,437b,2423s stack positions out of 5000i,500n,10000p,200000b,80000s
{/opt/local/share/texmf-texlive/fonts/enc/dvips/cm-super/cm-super-t1.enc}{/op
t/local/share/texmf-texlive/fonts/enc/dvips/cm-super/cm-super-ts1.enc}</opt/loc
al/share/texmf-texlive/fonts/type1/public/amsfonts/cm/cmmi10.pfb></opt/local/sh
are/texmf-texlive/fonts/type1/public/cm-super/sfbx0600.pfb></opt/local/share/te
xmf-texlive/fonts/type1/public/cm-super/sfbx1095.pfb></opt/local/share/texmf-te
xlive/fonts/type1/public/cm-super/sfit1095.pfb></opt/local/share/texmf-texlive/
fonts/type1/public/cm-super/sfrm0600.pfb></opt/local/share/texmf-texlive/fonts/
type1/public/cm-super/sfrm1095.pfb></opt/local/share/texmf-texlive/fonts/type1/
public/cm-super/sfsi1440.pfb></opt/local/share/texmf-texlive/fonts/type1/public
/cm-super/sfso1440.pfb></opt/local/share/texmf-texlive/fonts/type1/public/cm-su
per/sfsx1095.pfb></opt/local/share/texmf-texlive/fonts/type1/public/cm-super/sf
sx1200.pfb></opt/local/share/texmf-texlive/fonts/type1/public/cm-super/sfsx1440
.pfb></opt/local/share/texmf-texlive/fonts/type1/public/cm-super/sfsx1728.pfb><
/opt/local/share/texmf-texlive/fonts/type1/public/cm-super/sfti1095.pfb></opt/l
ocal/share/texmf-texlive/fonts/type1/public/cm-super/sftt1095.pfb>
Output written on ObjVisSAP.pdf (18 pages, 411863 bytes).
PDF statistics:
 551 PDF objects out of 1000 (max. 8388607)
 486 compressed objects within 5 object streams
 213 named destinations out of 1000 (max. 500000)
 255 words of extra memory for PDF output out of 10000 (max. 10000000)

